<?xml version="1.0" encoding="UTF-8"?>
<!-- Generated by org.testng.reporters.JUnitReportReporter -->
<testsuite hostname="LAPTOP-7UJ26UMN" failures="0" tests="3" name="runner.TestRunner" time="23.842" errors="0" timestamp="2024-08-20T05:17:41 IST" skipped="0">
  <testcase classname="runner.TestRunner" name="runScenario" time="6.996"/>
  <testcase classname="runner.TestRunner" name="runScenario" time="7.563"/>
  <testcase classname="runner.TestRunner" name="runScenario" time="9.283"/>
</testsuite> <!-- runner.TestRunner -->
