<?xml version="1.0" encoding="UTF-8"?>
<!-- Generated by org.testng.reporters.JUnitReportReporter -->
<testsuite hostname="LAPTOP-7UJ26UMN" failures="0" tests="3" name="runner.TestRunner" time="25.407" errors="0" timestamp="2024-08-20T06:04:16 IST" skipped="0">
  <testcase classname="runner.TestRunner" name="runScenario" time="7.952"/>
  <testcase classname="runner.TestRunner" name="runScenario" time="8.809"/>
  <testcase classname="runner.TestRunner" name="runScenario" time="8.646"/>
</testsuite> <!-- runner.TestRunner -->
